c:\users\david\source\repos\biblioteca\biblioteca\debug\vc142.pdb
c:\users\david\source\repos\biblioteca\biblioteca\debug\vc142.idb
c:\users\david\source\repos\biblioteca\biblioteca\debug\main.obj
c:\users\david\source\repos\biblioteca\biblioteca\debug\client.obj
c:\users\david\source\repos\biblioteca\biblioteca\debug\bibliotecar.obj
c:\users\david\source\repos\biblioteca\biblioteca\debug\absuser.obj
c:\users\david\source\repos\biblioteca\biblioteca\debug\absquery.obj
c:\users\david\source\repos\biblioteca\biblioteca\debug\server.obj
c:\users\david\source\repos\biblioteca\biblioteca\debug\databaseconn.obj
c:\users\david\source\repos\biblioteca\biblioteca\debug\update.obj
c:\users\david\source\repos\biblioteca\biblioteca\debug\select.obj
c:\users\david\source\repos\biblioteca\biblioteca\debug\insert.obj
c:\users\david\source\repos\biblioteca\biblioteca\debug\delete.obj
c:\users\david\source\repos\biblioteca\debug\biblioteca.pdb
c:\users\david\source\repos\biblioteca\biblioteca\debug\biblioteca.tlog\cl.command.1.tlog
c:\users\david\source\repos\biblioteca\biblioteca\debug\biblioteca.tlog\cl.read.1.tlog
c:\users\david\source\repos\biblioteca\biblioteca\debug\biblioteca.tlog\cl.write.1.tlog
c:\users\david\source\repos\biblioteca\biblioteca\debug\biblioteca.tlog\link-cvtres.read.1.tlog
c:\users\david\source\repos\biblioteca\biblioteca\debug\biblioteca.tlog\link-cvtres.write.1.tlog
c:\users\david\source\repos\biblioteca\biblioteca\debug\biblioteca.tlog\link-rc.read.1.tlog
c:\users\david\source\repos\biblioteca\biblioteca\debug\biblioteca.tlog\link-rc.write.1.tlog
c:\users\david\source\repos\biblioteca\biblioteca\debug\biblioteca.tlog\link.command.1.tlog
c:\users\david\source\repos\biblioteca\biblioteca\debug\biblioteca.tlog\link.read.1.tlog
c:\users\david\source\repos\biblioteca\biblioteca\debug\biblioteca.tlog\link.write.1.tlog
